\BOOKMARK [0][]{chapter.1}{\376\377\173\054\000\040\0001\000\040\172\340\000\040\155\210\215\071\200\005\164\006\213\272\000I}{}% 1
\BOOKMARK [1][]{section.1.1}{\376\377\0001\000.\0001\000\040\127\372\147\054\151\202\137\365}{chapter.1}% 2
\BOOKMARK [1][]{section.1.2}{\376\377\0001\000.\0002\000\040\120\117\131\175\116\016\145\110\165\050}{chapter.1}% 3
\BOOKMARK [2][]{subsection.1.2.1}{\376\377\0001\000.\0002\000.\0001\000\040\120\117\131\175\121\163\174\373}{section.1.2}% 4
\BOOKMARK [2][]{subsection.1.2.2}{\376\377\0001\000.\0002\000.\0002\000\040\145\110\165\050\121\375\145\160}{section.1.2}% 5
\BOOKMARK [1][]{section.1.3}{\376\377\0001\000.\0003\000\040\155\210\215\071\200\005\225\356\230\230}{chapter.1}% 6
\BOOKMARK [1][]{section.1.4}{\376\377\0001\000.\0004\000\040\225\364\143\245\145\110\165\050\121\375\145\160\116\016\145\057\121\372}{chapter.1}% 7
\BOOKMARK [2][]{subsection.1.4.1}{\376\377\0001\000.\0004\000.\0001\000\040\225\364\143\245\145\110\165\050\121\375\145\160}{section.1.4}% 8
\BOOKMARK [2][]{subsection.1.4.2}{\376\377\0001\000.\0004\000.\0002\000\040\145\057\121\372\121\375\145\160}{section.1.4}% 9
\BOOKMARK [2][]{subsection.1.4.3}{\376\377\0001\000.\0004\000.\0003\000\040\225\364\143\245\145\110\165\050\121\375\145\160\124\214\145\057\121\372\121\375\145\160\116\113\225\364\166\204\121\163\174\373}{section.1.4}% 10
\BOOKMARK [1][]{section.1.5}{\376\377\0001\000.\0005\000\040\155\210\215\071\200\005\166\204\140\047\215\050}{chapter.1}% 11
\BOOKMARK [2][]{subsection.1.5.1}{\376\377\0001\000.\0005\000.\0001\000\040\145\066\121\145\145\110\136\224\116\016\146\377\116\343\145\110\136\224}{section.1.5}% 12
\BOOKMARK [2][]{subsection.1.5.2}{\376\377\0001\000.\0005\000.\0002\000\040\137\071\140\047\121\163\174\373}{section.1.5}% 13
\BOOKMARK [0][]{chapter.2}{\376\377\173\054\000\040\0002\000\040\172\340\000\040\155\210\215\071\200\005\164\006\213\272\000I\000I}{}% 14
\BOOKMARK [1][]{section.2.1}{\376\377\0002\000.\0001\000\040\133\371\120\166\140\047}{chapter.2}% 15
\BOOKMARK [2][]{subsection.2.1.1}{\376\377\0002\000.\0001\000.\0001\000\040\145\057\121\372\124\214\155\210\215\071\200\005\120\117\131\175}{section.2.1}% 16
\BOOKMARK [2][]{subsection.2.1.2}{\376\377\0002\000.\0001\000.\0002\000\040\121\370\140\047\124\214\123\125\214\003\140\047}{section.2.1}% 17
\BOOKMARK [2][]{subsection.2.1.3}{\376\377\0002\000.\0001\000.\0003\000\040\225\364\143\245\145\110\165\050\116\016\155\210\215\071\200\005\120\117\131\175}{section.2.1}% 18
\BOOKMARK [1][]{section.2.2}{\376\377\0002\000.\0002\000\040\123\357\171\357\140\047\225\356\230\230}{chapter.2}% 19
\BOOKMARK [1][]{section.2.3}{\376\377\0002\000.\0003\000\040\146\076\171\072\120\117\131\175}{chapter.2}% 20
\BOOKMARK [1][]{section.2.4}{\376\377\0002\000.\0004\000\040\116\015\170\156\133\232\140\047}{chapter.2}% 21
\BOOKMARK [2][]{subsection.2.4.1}{\376\377\0002\000.\0004\000.\0001\000\040\120\117\131\175}{section.2.4}% 22
\BOOKMARK [0][]{chapter.3}{\376\377\173\054\000\040\0003\000\040\172\340\000\040\165\037\116\247\200\005\164\006\213\272}{}% 23
\BOOKMARK [0][]{chapter.4}{\376\377\173\054\000\040\0004\000\040\172\340\000\040\134\100\220\350\127\107\210\141}{}% 24
\BOOKMARK [0][]{chapter.5}{\376\377\173\054\000\040\0005\000\040\172\340\000\040\116\000\202\054\127\107\210\141}{}% 25
\BOOKMARK [0][]{chapter.6}{\376\377\173\054\000\040\0006\000\040\172\340\000\040\171\076\117\032\220\011\142\351\116\016\171\217\122\051}{}% 26
